[13-Mar-2020 21:39:34] NOTICE: fpm is running, pid 6
[13-Mar-2020 21:39:34] NOTICE: ready to handle connections
[13-Mar-2020 21:39:36] NOTICE: fpm is running, pid 6
[13-Mar-2020 21:39:36] NOTICE: ready to handle connections
[13-Mar-2020 21:39:37] NOTICE: fpm is running, pid 6
[13-Mar-2020 21:39:37] NOTICE: ready to handle connections
[13-Mar-2020 21:39:38] NOTICE: fpm is running, pid 6
[13-Mar-2020 21:39:38] NOTICE: ready to handle connections
[13-Mar-2020 21:39:40] NOTICE: fpm is running, pid 6
[13-Mar-2020 21:39:40] NOTICE: ready to handle connections
[13-Mar-2020 21:39:43] NOTICE: fpm is running, pid 6
[13-Mar-2020 21:39:43] NOTICE: ready to handle connections
[13-Mar-2020 21:39:47] NOTICE: fpm is running, pid 6
[13-Mar-2020 21:39:47] NOTICE: ready to handle connections
[13-Mar-2020 21:39:54] NOTICE: fpm is running, pid 6
[13-Mar-2020 21:40:08] NOTICE: fpm is running, pid 6
[13-Mar-2020 21:40:34] NOTICE: fpm is running, pid 6
[13-Mar-2020 21:40:34] NOTICE: ready to handle connections
[13-Mar-2020 21:41:26] NOTICE: fpm is running, pid 6
[13-Mar-2020 21:41:26] NOTICE: ready to handle connections
[13-Mar-2020 21:42:27] NOTICE: fpm is running, pid 6
[13-Mar-2020 21:42:27] NOTICE: ready to handle connections
[13-Mar-2020 21:43:28] NOTICE: fpm is running, pid 6
[13-Mar-2020 21:43:28] NOTICE: ready to handle connections
[13-Mar-2020 21:48:55] NOTICE: fpm is running, pid 1
[13-Mar-2020 21:48:55] NOTICE: ready to handle connections
[13-Mar-2020 22:03:34] NOTICE: Finishing ...
[13-Mar-2020 22:03:34] NOTICE: exiting, bye-bye!
[13-Mar-2020 22:03:40] NOTICE: fpm is running, pid 1
[13-Mar-2020 22:03:40] NOTICE: ready to handle connections
[13-Mar-2020 22:08:25] NOTICE: Finishing ...
[13-Mar-2020 22:08:25] NOTICE: exiting, bye-bye!
[13-Mar-2020 22:08:31] NOTICE: fpm is running, pid 1
[13-Mar-2020 22:08:31] NOTICE: ready to handle connections
[13-Mar-2020 22:16:10] NOTICE: Finishing ...
[13-Mar-2020 22:16:10] NOTICE: exiting, bye-bye!
[13-Mar-2020 22:16:15] NOTICE: fpm is running, pid 1
[13-Mar-2020 22:16:15] NOTICE: ready to handle connections
[13-Mar-2020 22:25:27] NOTICE: Finishing ...
[13-Mar-2020 22:25:27] NOTICE: exiting, bye-bye!
[13-Mar-2020 22:25:33] NOTICE: fpm is running, pid 1
[13-Mar-2020 22:25:33] NOTICE: ready to handle connections
[13-Mar-2020 22:30:18] NOTICE: Finishing ...
[13-Mar-2020 22:30:18] NOTICE: exiting, bye-bye!
[13-Mar-2020 22:30:24] NOTICE: fpm is running, pid 1
[13-Mar-2020 22:30:24] NOTICE: ready to handle connections
[13-Mar-2020 22:31:35] NOTICE: Finishing ...
[13-Mar-2020 22:31:35] NOTICE: exiting, bye-bye!
[13-Mar-2020 22:31:40] NOTICE: fpm is running, pid 1
[13-Mar-2020 22:31:40] NOTICE: ready to handle connections
[13-Mar-2020 22:32:33] NOTICE: Finishing ...
[13-Mar-2020 22:32:33] NOTICE: exiting, bye-bye!
[13-Mar-2020 22:32:38] NOTICE: fpm is running, pid 1
[13-Mar-2020 22:32:38] NOTICE: ready to handle connections
[13-Mar-2020 22:35:14] NOTICE: Finishing ...
[13-Mar-2020 22:35:14] NOTICE: exiting, bye-bye!
[13-Mar-2020 22:35:20] NOTICE: fpm is running, pid 1
[13-Mar-2020 22:35:20] NOTICE: ready to handle connections
[13-Mar-2020 22:38:38] NOTICE: Finishing ...
[13-Mar-2020 22:38:38] NOTICE: exiting, bye-bye!
[13-Mar-2020 22:38:43] NOTICE: fpm is running, pid 1
[13-Mar-2020 22:38:43] NOTICE: ready to handle connections
[13-Mar-2020 22:41:11] NOTICE: Finishing ...
[13-Mar-2020 22:41:11] NOTICE: exiting, bye-bye!
[13-Mar-2020 22:41:17] NOTICE: fpm is running, pid 1
[13-Mar-2020 22:41:17] NOTICE: ready to handle connections
[13-Mar-2020 22:52:29] NOTICE: Finishing ...
[13-Mar-2020 22:52:29] NOTICE: exiting, bye-bye!
[13-Mar-2020 22:56:32] NOTICE: fpm is running, pid 1
[13-Mar-2020 22:56:32] NOTICE: ready to handle connections
[13-Mar-2020 22:57:01] NOTICE: Finishing ...
[13-Mar-2020 22:57:01] NOTICE: exiting, bye-bye!
[14-Mar-2020 09:47:14] NOTICE: fpm is running, pid 1
[14-Mar-2020 09:47:14] NOTICE: ready to handle connections
[14-Mar-2020 09:47:16] NOTICE: Finishing ...
[14-Mar-2020 09:47:16] NOTICE: exiting, bye-bye!
[14-Mar-2020 09:47:17] NOTICE: fpm is running, pid 1
[14-Mar-2020 09:47:17] NOTICE: ready to handle connections
[14-Mar-2020 09:47:36] NOTICE: Finishing ...
[14-Mar-2020 09:47:36] NOTICE: exiting, bye-bye!
[14-Mar-2020 09:47:37] NOTICE: fpm is running, pid 1
[14-Mar-2020 09:47:37] NOTICE: ready to handle connections
[14-Mar-2020 09:51:11] NOTICE: Finishing ...
[14-Mar-2020 09:51:11] NOTICE: exiting, bye-bye!
[14-Mar-2020 09:51:15] NOTICE: fpm is running, pid 1
[14-Mar-2020 09:51:15] NOTICE: ready to handle connections
[14-Mar-2020 09:52:23] NOTICE: Finishing ...
[14-Mar-2020 09:52:23] NOTICE: exiting, bye-bye!
[14-Mar-2020 09:52:28] NOTICE: fpm is running, pid 1
[14-Mar-2020 09:52:28] NOTICE: ready to handle connections
[14-Mar-2020 10:08:11] NOTICE: Finishing ...
[14-Mar-2020 10:08:11] NOTICE: exiting, bye-bye!
[14-Mar-2020 10:08:27] NOTICE: fpm is running, pid 1
[14-Mar-2020 10:08:27] NOTICE: ready to handle connections
[14-Mar-2020 10:16:49] NOTICE: fpm is running, pid 1
[14-Mar-2020 10:16:49] NOTICE: ready to handle connections
[14-Mar-2020 10:20:06] NOTICE: Finishing ...
[14-Mar-2020 10:20:06] NOTICE: exiting, bye-bye!
[14-Mar-2020 10:20:10] NOTICE: fpm is running, pid 1
[14-Mar-2020 10:20:10] NOTICE: ready to handle connections
[14-Mar-2020 10:27:32] NOTICE: Finishing ...
[14-Mar-2020 10:27:32] NOTICE: exiting, bye-bye!
[14-Mar-2020 10:36:04] NOTICE: fpm is running, pid 1
[14-Mar-2020 10:36:04] NOTICE: ready to handle connections
[14-Mar-2020 10:41:03] NOTICE: Finishing ...
[14-Mar-2020 10:41:03] NOTICE: exiting, bye-bye!
[14-Mar-2020 10:41:07] NOTICE: fpm is running, pid 1
[14-Mar-2020 10:41:07] NOTICE: ready to handle connections
[14-Mar-2020 10:44:32] NOTICE: Finishing ...
[14-Mar-2020 10:44:32] NOTICE: exiting, bye-bye!
[14-Mar-2020 10:44:36] ALERT: [pool www] user has not been defined
[14-Mar-2020 10:44:36] ERROR: failed to post process the configuration
[14-Mar-2020 10:44:36] ERROR: FPM initialization failed
[14-Mar-2020 10:44:37] ALERT: [pool www] user has not been defined
[14-Mar-2020 10:44:37] ERROR: failed to post process the configuration
[14-Mar-2020 10:44:37] ERROR: FPM initialization failed
[14-Mar-2020 10:44:38] ALERT: [pool www] user has not been defined
[14-Mar-2020 10:44:38] ERROR: failed to post process the configuration
[14-Mar-2020 10:44:38] ERROR: FPM initialization failed
[14-Mar-2020 10:44:39] ALERT: [pool www] user has not been defined
[14-Mar-2020 10:44:39] ERROR: failed to post process the configuration
[14-Mar-2020 10:44:39] ERROR: FPM initialization failed
[14-Mar-2020 10:44:40] ALERT: [pool www] user has not been defined
[14-Mar-2020 10:44:40] ERROR: failed to post process the configuration
[14-Mar-2020 10:44:40] ERROR: FPM initialization failed
[14-Mar-2020 10:44:42] ALERT: [pool www] user has not been defined
[14-Mar-2020 10:44:42] ERROR: failed to post process the configuration
[14-Mar-2020 10:44:42] ERROR: FPM initialization failed
[14-Mar-2020 10:44:46] ALERT: [pool www] user has not been defined
[14-Mar-2020 10:44:46] ERROR: failed to post process the configuration
[14-Mar-2020 10:44:46] ERROR: FPM initialization failed
[14-Mar-2020 10:44:53] ALERT: [pool www] user has not been defined
[14-Mar-2020 10:44:53] ERROR: failed to post process the configuration
[14-Mar-2020 10:44:53] ERROR: FPM initialization failed
[14-Mar-2020 10:45:06] ALERT: [pool www] user has not been defined
[14-Mar-2020 10:45:06] ERROR: failed to post process the configuration
[14-Mar-2020 10:45:06] ERROR: FPM initialization failed
[14-Mar-2020 10:45:32] ALERT: [pool www] user has not been defined
[14-Mar-2020 10:45:32] ERROR: failed to post process the configuration
[14-Mar-2020 10:45:32] ERROR: FPM initialization failed
[14-Mar-2020 10:46:24] ALERT: [pool www] user has not been defined
[14-Mar-2020 10:46:24] ERROR: failed to post process the configuration
[14-Mar-2020 10:46:24] ERROR: FPM initialization failed
[14-Mar-2020 10:47:24] ALERT: [pool www] user has not been defined
[14-Mar-2020 10:47:24] ERROR: failed to post process the configuration
[14-Mar-2020 10:47:24] ERROR: FPM initialization failed
[14-Mar-2020 10:48:25] ALERT: [pool www] user has not been defined
[14-Mar-2020 10:48:25] ERROR: failed to post process the configuration
[14-Mar-2020 10:48:25] ERROR: FPM initialization failed
[14-Mar-2020 10:49:25] ALERT: [pool www] user has not been defined
[14-Mar-2020 10:49:25] ERROR: failed to post process the configuration
[14-Mar-2020 10:49:25] ERROR: FPM initialization failed
[14-Mar-2020 10:50:26] ALERT: [pool www] user has not been defined
[14-Mar-2020 10:50:26] ERROR: failed to post process the configuration
[14-Mar-2020 10:50:26] ERROR: FPM initialization failed
[14-Mar-2020 10:51:26] ALERT: [pool www] user has not been defined
[14-Mar-2020 10:51:26] ERROR: failed to post process the configuration
[14-Mar-2020 10:51:26] ERROR: FPM initialization failed
[14-Mar-2020 10:52:27] ALERT: [pool www] user has not been defined
[14-Mar-2020 10:52:27] ERROR: failed to post process the configuration
[14-Mar-2020 10:52:27] ERROR: FPM initialization failed
[14-Mar-2020 10:53:27] ALERT: [pool www] user has not been defined
[14-Mar-2020 10:53:27] ERROR: failed to post process the configuration
[14-Mar-2020 10:53:27] ERROR: FPM initialization failed
[14-Mar-2020 10:54:28] ALERT: [pool www] user has not been defined
[14-Mar-2020 10:54:28] ERROR: failed to post process the configuration
[14-Mar-2020 10:54:28] ERROR: FPM initialization failed
[14-Mar-2020 10:55:28] ALERT: [pool www] user has not been defined
[14-Mar-2020 10:55:28] ERROR: failed to post process the configuration
[14-Mar-2020 10:55:28] ERROR: FPM initialization failed
[14-Mar-2020 10:56:12] ERROR: No pool defined. at least one pool section must be specified in config file
[14-Mar-2020 10:56:12] ERROR: failed to post process the configuration
[14-Mar-2020 10:56:12] ERROR: FPM initialization failed
[14-Mar-2020 10:56:13] ERROR: No pool defined. at least one pool section must be specified in config file
[14-Mar-2020 10:56:13] ERROR: failed to post process the configuration
[14-Mar-2020 10:56:13] ERROR: FPM initialization failed
[14-Mar-2020 10:56:14] ERROR: No pool defined. at least one pool section must be specified in config file
[14-Mar-2020 10:56:14] ERROR: failed to post process the configuration
[14-Mar-2020 10:56:14] ERROR: FPM initialization failed
[14-Mar-2020 10:56:14] ERROR: No pool defined. at least one pool section must be specified in config file
[14-Mar-2020 10:56:14] ERROR: failed to post process the configuration
[14-Mar-2020 10:56:14] ERROR: FPM initialization failed
[14-Mar-2020 10:56:16] ERROR: No pool defined. at least one pool section must be specified in config file
[14-Mar-2020 10:56:16] ERROR: failed to post process the configuration
[14-Mar-2020 10:56:16] ERROR: FPM initialization failed
[14-Mar-2020 10:56:18] ERROR: No pool defined. at least one pool section must be specified in config file
[14-Mar-2020 10:56:18] ERROR: failed to post process the configuration
[14-Mar-2020 10:56:18] ERROR: FPM initialization failed
[14-Mar-2020 10:56:21] ERROR: No pool defined. at least one pool section must be specified in config file
[14-Mar-2020 10:56:21] ERROR: failed to post process the configuration
[14-Mar-2020 10:56:21] ERROR: FPM initialization failed
[14-Mar-2020 10:56:28] ERROR: No pool defined. at least one pool section must be specified in config file
[14-Mar-2020 10:56:28] ERROR: failed to post process the configuration
[14-Mar-2020 10:56:28] ERROR: FPM initialization failed
[14-Mar-2020 10:56:42] ERROR: No pool defined. at least one pool section must be specified in config file
[14-Mar-2020 10:56:42] ERROR: failed to post process the configuration
[14-Mar-2020 10:56:42] ERROR: FPM initialization failed
[14-Mar-2020 10:57:08] ERROR: No pool defined. at least one pool section must be specified in config file
[14-Mar-2020 10:57:08] ERROR: failed to post process the configuration
[14-Mar-2020 10:57:08] ERROR: FPM initialization failed
[14-Mar-2020 10:57:59] ERROR: No pool defined. at least one pool section must be specified in config file
[14-Mar-2020 10:57:59] ERROR: failed to post process the configuration
[14-Mar-2020 10:57:59] ERROR: FPM initialization failed
[14-Mar-2020 12:28:33] ALERT: [pool www] user has not been defined
[14-Mar-2020 12:28:33] ERROR: failed to post process the configuration
[14-Mar-2020 12:28:33] ERROR: FPM initialization failed
[14-Mar-2020 12:28:37] ALERT: [pool www] user has not been defined
[14-Mar-2020 12:28:37] ERROR: failed to post process the configuration
[14-Mar-2020 12:28:37] ERROR: FPM initialization failed
[14-Mar-2020 12:28:37] ALERT: [pool www] user has not been defined
[14-Mar-2020 12:28:37] ERROR: failed to post process the configuration
[14-Mar-2020 12:28:37] ERROR: FPM initialization failed
[14-Mar-2020 12:28:38] ALERT: [pool www] user has not been defined
[14-Mar-2020 12:28:38] ERROR: failed to post process the configuration
[14-Mar-2020 12:28:38] ERROR: FPM initialization failed
[14-Mar-2020 12:28:39] ALERT: [pool www] user has not been defined
[14-Mar-2020 12:28:39] ERROR: failed to post process the configuration
[14-Mar-2020 12:28:39] ERROR: FPM initialization failed
[14-Mar-2020 12:28:40] ALERT: [pool www] user has not been defined
[14-Mar-2020 12:28:40] ERROR: failed to post process the configuration
[14-Mar-2020 12:28:40] ERROR: FPM initialization failed
[14-Mar-2020 12:28:42] ALERT: [pool www] user has not been defined
[14-Mar-2020 12:28:42] ERROR: failed to post process the configuration
[14-Mar-2020 12:28:42] ERROR: FPM initialization failed
[14-Mar-2020 12:28:46] ALERT: [pool www] user has not been defined
[14-Mar-2020 12:28:46] ERROR: failed to post process the configuration
[14-Mar-2020 12:28:46] ERROR: FPM initialization failed
[14-Mar-2020 12:28:53] ALERT: [pool www] user has not been defined
[14-Mar-2020 12:28:53] ERROR: failed to post process the configuration
[14-Mar-2020 12:28:53] ERROR: FPM initialization failed
[14-Mar-2020 12:29:07] ALERT: [pool www-data] user has not been defined
[14-Mar-2020 12:29:07] ERROR: failed to post process the configuration
[14-Mar-2020 12:29:07] ERROR: FPM initialization failed
[14-Mar-2020 12:29:07] ALERT: [pool www-data] user has not been defined
[14-Mar-2020 12:29:07] ERROR: failed to post process the configuration
[14-Mar-2020 12:29:07] ERROR: FPM initialization failed
[14-Mar-2020 12:29:08] ALERT: [pool www-data] user has not been defined
[14-Mar-2020 12:29:08] ERROR: failed to post process the configuration
[14-Mar-2020 12:29:08] ERROR: FPM initialization failed
[14-Mar-2020 12:29:09] ALERT: [pool www-data] user has not been defined
[14-Mar-2020 12:29:09] ERROR: failed to post process the configuration
[14-Mar-2020 12:29:09] ERROR: FPM initialization failed
[14-Mar-2020 12:29:10] ALERT: [pool www-data] user has not been defined
[14-Mar-2020 12:29:10] ERROR: failed to post process the configuration
[14-Mar-2020 12:29:10] ERROR: FPM initialization failed
[14-Mar-2020 12:29:12] ALERT: [pool www-data] user has not been defined
[14-Mar-2020 12:29:12] ERROR: failed to post process the configuration
[14-Mar-2020 12:29:12] ERROR: FPM initialization failed
[14-Mar-2020 12:29:16] ALERT: [pool www-data] user has not been defined
[14-Mar-2020 12:29:16] ERROR: failed to post process the configuration
[14-Mar-2020 12:29:16] ERROR: FPM initialization failed
[14-Mar-2020 12:29:23] ALERT: [pool www-data] user has not been defined
[14-Mar-2020 12:29:23] ERROR: failed to post process the configuration
[14-Mar-2020 12:29:23] ERROR: FPM initialization failed
[14-Mar-2020 12:29:36] ALERT: [pool www-data] user has not been defined
[14-Mar-2020 12:29:36] ERROR: failed to post process the configuration
[14-Mar-2020 12:29:36] ERROR: FPM initialization failed
[14-Mar-2020 12:30:02] ALERT: [pool www-data] user has not been defined
[14-Mar-2020 12:30:02] ERROR: failed to post process the configuration
[14-Mar-2020 12:30:02] ERROR: FPM initialization failed
[14-Mar-2020 12:30:54] ALERT: [pool www-data] user has not been defined
[14-Mar-2020 12:30:54] ERROR: failed to post process the configuration
[14-Mar-2020 12:30:54] ERROR: FPM initialization failed
[14-Mar-2020 12:31:54] ALERT: [pool www-data] user has not been defined
[14-Mar-2020 12:31:54] ERROR: failed to post process the configuration
[14-Mar-2020 12:31:54] ERROR: FPM initialization failed
[14-Mar-2020 12:32:55] ALERT: [pool www] user has not been defined
[14-Mar-2020 12:32:55] ERROR: failed to post process the configuration
[14-Mar-2020 12:32:55] ERROR: FPM initialization failed
[14-Mar-2020 12:33:55] ALERT: [pool www] user has not been defined
[14-Mar-2020 12:33:55] ERROR: failed to post process the configuration
[14-Mar-2020 12:33:55] ERROR: FPM initialization failed
[14-Mar-2020 12:34:03] ALERT: [pool www] user has not been defined
[14-Mar-2020 12:34:03] ERROR: failed to post process the configuration
[14-Mar-2020 12:34:03] ERROR: FPM initialization failed
[14-Mar-2020 12:34:03] ALERT: [pool www] user has not been defined
[14-Mar-2020 12:34:03] ERROR: failed to post process the configuration
[14-Mar-2020 12:34:03] ERROR: FPM initialization failed
[14-Mar-2020 12:34:04] ALERT: [pool www] user has not been defined
[14-Mar-2020 12:34:04] ERROR: failed to post process the configuration
[14-Mar-2020 12:34:04] ERROR: FPM initialization failed
[14-Mar-2020 12:34:05] ALERT: [pool www] user has not been defined
[14-Mar-2020 12:34:05] ERROR: failed to post process the configuration
[14-Mar-2020 12:34:05] ERROR: FPM initialization failed
[14-Mar-2020 12:34:06] ALERT: [pool www] user has not been defined
[14-Mar-2020 12:34:06] ERROR: failed to post process the configuration
[14-Mar-2020 12:34:06] ERROR: FPM initialization failed
[14-Mar-2020 12:34:08] ALERT: [pool www] user has not been defined
[14-Mar-2020 12:34:08] ERROR: failed to post process the configuration
[14-Mar-2020 12:34:08] ERROR: FPM initialization failed
[14-Mar-2020 12:34:12] ALERT: [pool www] user has not been defined
[14-Mar-2020 12:34:12] ERROR: failed to post process the configuration
[14-Mar-2020 12:34:12] ERROR: FPM initialization failed
[14-Mar-2020 12:34:19] ALERT: [pool www] user has not been defined
[14-Mar-2020 12:34:19] ERROR: failed to post process the configuration
[14-Mar-2020 12:34:19] ERROR: FPM initialization failed
[14-Mar-2020 12:34:32] ALERT: [pool www] user has not been defined
[14-Mar-2020 12:34:32] ERROR: failed to post process the configuration
[14-Mar-2020 12:34:32] ERROR: FPM initialization failed
[14-Mar-2020 12:34:58] ALERT: [pool www] user has not been defined
[14-Mar-2020 12:34:58] ERROR: failed to post process the configuration
[14-Mar-2020 12:34:58] ERROR: FPM initialization failed
[14-Mar-2020 12:35:50] ALERT: [pool www] user has not been defined
[14-Mar-2020 12:35:50] ERROR: failed to post process the configuration
[14-Mar-2020 12:35:50] ERROR: FPM initialization failed
[14-Mar-2020 12:36:50] ALERT: [pool www] user has not been defined
[14-Mar-2020 12:36:50] ERROR: failed to post process the configuration
[14-Mar-2020 12:36:50] ERROR: FPM initialization failed
[14-Mar-2020 12:37:05] NOTICE: fpm is running, pid 1
[14-Mar-2020 12:37:05] NOTICE: ready to handle connections
[14-Mar-2020 12:45:11] NOTICE: Finishing ...
[14-Mar-2020 12:45:11] NOTICE: exiting, bye-bye!
[14-Mar-2020 12:45:15] NOTICE: fpm is running, pid 1
[14-Mar-2020 12:45:15] NOTICE: ready to handle connections
[14-Mar-2020 12:47:01] NOTICE: fpm is running, pid 1
[14-Mar-2020 12:47:01] NOTICE: ready to handle connections
[14-Mar-2020 12:49:37] NOTICE: fpm is running, pid 1
[14-Mar-2020 12:49:37] NOTICE: ready to handle connections
[14-Mar-2020 12:51:41] NOTICE: Finishing ...
[14-Mar-2020 12:51:41] NOTICE: exiting, bye-bye!
[14-Mar-2020 12:51:45] NOTICE: fpm is running, pid 1
[14-Mar-2020 12:51:45] NOTICE: ready to handle connections
[14-Mar-2020 12:57:37] NOTICE: Finishing ...
[14-Mar-2020 12:57:37] NOTICE: exiting, bye-bye!
[14-Mar-2020 13:05:41] NOTICE: fpm is running, pid 1
[14-Mar-2020 13:05:41] NOTICE: ready to handle connections
[14-Mar-2020 13:08:40] NOTICE: Finishing ...
[14-Mar-2020 13:08:40] NOTICE: exiting, bye-bye!
[14-Mar-2020 13:08:44] NOTICE: fpm is running, pid 1
[14-Mar-2020 13:08:44] NOTICE: ready to handle connections
[14-Mar-2020 13:11:13] NOTICE: Finishing ...
[14-Mar-2020 13:11:13] NOTICE: exiting, bye-bye!
[14-Mar-2020 13:11:17] NOTICE: fpm is running, pid 1
[14-Mar-2020 13:11:17] NOTICE: ready to handle connections
[14-Mar-2020 13:11:54] NOTICE: fpm is running, pid 1
[14-Mar-2020 13:11:54] NOTICE: ready to handle connections
[14-Mar-2020 13:33:02] NOTICE: Finishing ...
[14-Mar-2020 13:33:02] NOTICE: exiting, bye-bye!
[14-Mar-2020 14:08:05] NOTICE: fpm is running, pid 1
[14-Mar-2020 14:08:05] NOTICE: ready to handle connections
[14-Mar-2020 14:09:22] NOTICE: Finishing ...
[14-Mar-2020 14:09:22] NOTICE: exiting, bye-bye!
[14-Mar-2020 14:09:26] NOTICE: fpm is running, pid 1
[14-Mar-2020 14:09:26] NOTICE: ready to handle connections
[14-Mar-2020 14:11:21] NOTICE: Finishing ...
[14-Mar-2020 14:11:21] NOTICE: exiting, bye-bye!
[14-Mar-2020 14:11:26] NOTICE: fpm is running, pid 1
[14-Mar-2020 14:11:26] NOTICE: ready to handle connections
[14-Mar-2020 14:17:40] NOTICE: Finishing ...
[14-Mar-2020 14:17:40] NOTICE: exiting, bye-bye!
[14-Mar-2020 14:17:44] NOTICE: fpm is running, pid 1
[14-Mar-2020 14:17:44] NOTICE: ready to handle connections
[14-Mar-2020 14:25:09] NOTICE: Finishing ...
[14-Mar-2020 14:25:09] NOTICE: exiting, bye-bye!
[14-Mar-2020 14:25:14] NOTICE: fpm is running, pid 1
[14-Mar-2020 14:25:14] NOTICE: ready to handle connections
[14-Mar-2020 14:28:33] NOTICE: Finishing ...
[14-Mar-2020 14:28:33] NOTICE: exiting, bye-bye!
[14-Mar-2020 14:36:49] NOTICE: fpm is running, pid 1
[14-Mar-2020 14:36:49] NOTICE: ready to handle connections
[14-Mar-2020 14:37:06] WARNING: [pool www] child 8 said into stderr: "NOTICE: PHP message: PHP Warning:  require(): open_basedir restriction in effect. File(/var/www/yikong/vendor/autoload.php) is not within the allowed path(s): (/var/www/yikong/backend/web/:/tmp/:/proc/:/var/lnmp/) in /var/www/yikong/backend/web/index.php on line 5"
[14-Mar-2020 14:37:06] WARNING: [pool www] child 8 said into stderr: "NOTICE: PHP message: PHP Warning:  require(/var/www/yikong/vendor/autoload.php): failed to open stream: Operation not permitted in /var/www/yikong/backend/web/index.php on line 5"
[14-Mar-2020 14:37:06] WARNING: [pool www] child 8 said into stderr: "NOTICE: PHP message: PHP Fatal error:  require(): Failed opening required '/var/www/yikong/backend/web/../../vendor/autoload.php' (include_path='.:/usr/local/lib/php') in /var/www/yikong/backend/web/index.php on line 5"
[14-Mar-2020 14:39:27] WARNING: [pool www] child 12 said into stderr: "NOTICE: PHP message: PHP Warning:  require(): open_basedir restriction in effect. File(/var/www/yikong/vendor/autoload.php) is not within the allowed path(s): (/var/www/yikong/backend/web/:/tmp/:/proc/:/var/lnmp/) in /var/www/yikong/backend/web/index.php on line 5"
[14-Mar-2020 14:39:27] WARNING: [pool www] child 12 said into stderr: "NOTICE: PHP message: PHP Warning:  require(/var/www/yikong/vendor/autoload.php): failed to open stream: Operation not permitted in /var/www/yikong/backend/web/index.php on line 5"
[14-Mar-2020 14:39:27] WARNING: [pool www] child 12 said into stderr: "NOTICE: PHP message: PHP Fatal error:  require(): Failed opening required '/var/www/yikong/backend/web/../../vendor/autoload.php' (include_path='.:/usr/local/lib/php') in /var/www/yikong/backend/web/index.php on line 5"
[14-Mar-2020 14:39:54] NOTICE: Finishing ...
[14-Mar-2020 14:39:54] NOTICE: exiting, bye-bye!
[14-Mar-2020 14:39:58] NOTICE: fpm is running, pid 1
[14-Mar-2020 14:39:58] NOTICE: ready to handle connections
[14-Mar-2020 14:40:51] NOTICE: Finishing ...
[14-Mar-2020 14:40:51] ERROR: unable to read what child say: Bad file descriptor (9)
[14-Mar-2020 14:40:51] ERROR: unable to read what child say: Bad file descriptor (9)
[14-Mar-2020 14:40:51] NOTICE: exiting, bye-bye!
[14-Mar-2020 14:40:55] NOTICE: fpm is running, pid 1
[14-Mar-2020 14:40:55] NOTICE: ready to handle connections
[14-Mar-2020 14:45:33] NOTICE: Finishing ...
[14-Mar-2020 14:45:33] NOTICE: exiting, bye-bye!
[14-Mar-2020 14:45:37] NOTICE: fpm is running, pid 1
[14-Mar-2020 14:45:37] NOTICE: ready to handle connections
[14-Mar-2020 14:48:47] NOTICE: Finishing ...
[14-Mar-2020 14:48:47] NOTICE: exiting, bye-bye!
[14-Mar-2020 14:48:51] NOTICE: fpm is running, pid 1
[14-Mar-2020 14:48:51] NOTICE: ready to handle connections
[14-Mar-2020 14:50:27] NOTICE: Finishing ...
[14-Mar-2020 14:50:27] NOTICE: exiting, bye-bye!
[14-Mar-2020 14:50:31] NOTICE: fpm is running, pid 1
[14-Mar-2020 14:50:31] NOTICE: ready to handle connections
[14-Mar-2020 14:51:41] NOTICE: Finishing ...
[14-Mar-2020 14:51:41] NOTICE: exiting, bye-bye!
[14-Mar-2020 14:51:46] NOTICE: fpm is running, pid 1
[14-Mar-2020 14:51:46] NOTICE: ready to handle connections
[14-Mar-2020 14:52:54] NOTICE: Finishing ...
[14-Mar-2020 14:52:54] NOTICE: exiting, bye-bye!
[14-Mar-2020 14:52:55] NOTICE: fpm is running, pid 1
[14-Mar-2020 14:52:55] NOTICE: ready to handle connections
[14-Mar-2020 14:54:25] NOTICE: Finishing ...
[14-Mar-2020 14:54:25] NOTICE: exiting, bye-bye!
[14-Mar-2020 14:54:29] NOTICE: fpm is running, pid 1
[14-Mar-2020 14:54:29] NOTICE: ready to handle connections
[14-Mar-2020 14:55:14] NOTICE: Finishing ...
[14-Mar-2020 14:55:14] NOTICE: exiting, bye-bye!
[14-Mar-2020 14:55:18] NOTICE: fpm is running, pid 1
[14-Mar-2020 14:55:18] NOTICE: ready to handle connections
[14-Mar-2020 14:55:48] NOTICE: Finishing ...
[14-Mar-2020 14:55:48] NOTICE: exiting, bye-bye!
[14-Mar-2020 14:55:53] NOTICE: fpm is running, pid 1
[14-Mar-2020 14:55:53] NOTICE: ready to handle connections
[14-Mar-2020 15:01:20] NOTICE: Finishing ...
[14-Mar-2020 15:01:20] NOTICE: exiting, bye-bye!
[14-Mar-2020 15:01:24] NOTICE: fpm is running, pid 1
[14-Mar-2020 15:01:24] NOTICE: ready to handle connections
[14-Mar-2020 15:03:00] NOTICE: Finishing ...
[14-Mar-2020 15:03:00] NOTICE: exiting, bye-bye!
[14-Mar-2020 15:03:04] NOTICE: fpm is running, pid 1
[14-Mar-2020 15:03:04] NOTICE: ready to handle connections
[14-Mar-2020 15:03:36] NOTICE: fpm is running, pid 1
[14-Mar-2020 15:03:36] NOTICE: ready to handle connections
[14-Mar-2020 15:04:08] NOTICE: Finishing ...
[14-Mar-2020 15:04:08] ERROR: unable to read what child say: Bad file descriptor (9)
[14-Mar-2020 15:04:08] ERROR: unable to read what child say: Bad file descriptor (9)
[14-Mar-2020 15:04:08] NOTICE: exiting, bye-bye!
[14-Mar-2020 15:04:13] NOTICE: fpm is running, pid 1
[14-Mar-2020 15:04:13] NOTICE: ready to handle connections
[14-Mar-2020 15:04:29] NOTICE: Finishing ...
[14-Mar-2020 15:04:29] NOTICE: exiting, bye-bye!
[14-Mar-2020 15:04:30] NOTICE: fpm is running, pid 1
[14-Mar-2020 15:04:30] NOTICE: ready to handle connections
[14-Mar-2020 15:10:57] NOTICE: Finishing ...
[14-Mar-2020 15:10:57] NOTICE: exiting, bye-bye!
[14-Mar-2020 15:11:01] NOTICE: fpm is running, pid 1
[14-Mar-2020 15:11:01] NOTICE: ready to handle connections
[14-Mar-2020 16:29:02] NOTICE: Finishing ...
[14-Mar-2020 16:29:02] NOTICE: exiting, bye-bye!
[14-Mar-2020 16:29:11] NOTICE: fpm is running, pid 1
[14-Mar-2020 16:29:11] NOTICE: ready to handle connections
[14-Mar-2020 16:30:03] NOTICE: Finishing ...
[14-Mar-2020 16:30:03] NOTICE: exiting, bye-bye!
[14-Mar-2020 16:30:07] NOTICE: fpm is running, pid 1
[14-Mar-2020 16:30:07] NOTICE: ready to handle connections
[14-Mar-2020 16:46:15] WARNING: [pool www] child 10 said into stderr: "NOTICE: PHP message: PHP Notice:  Undefined variable: user in /var/www/order/backend/web/1.php on line 3"
[14-Mar-2020 16:46:15] WARNING: [pool www] child 10 said into stderr: "NOTICE: PHP message: PHP Notice:  Undefined variable: pass in /var/www/order/backend/web/1.php on line 3"
[14-Mar-2020 17:05:36] NOTICE: Finishing ...
[14-Mar-2020 17:05:36] NOTICE: exiting, bye-bye!
[14-Mar-2020 17:05:41] NOTICE: fpm is running, pid 1
[14-Mar-2020 17:05:41] NOTICE: ready to handle connections
[14-Mar-2020 17:11:05] NOTICE: Finishing ...
[14-Mar-2020 17:11:05] NOTICE: exiting, bye-bye!
[14-Mar-2020 17:11:09] NOTICE: fpm is running, pid 1
[14-Mar-2020 17:11:09] NOTICE: ready to handle connections
[14-Mar-2020 17:16:48] NOTICE: Finishing ...
[14-Mar-2020 17:16:48] NOTICE: exiting, bye-bye!
[14-Mar-2020 17:16:56] NOTICE: fpm is running, pid 1
[14-Mar-2020 17:16:56] NOTICE: ready to handle connections
[14-Mar-2020 17:27:20] NOTICE: Finishing ...
[14-Mar-2020 17:27:20] NOTICE: exiting, bye-bye!
[14-Mar-2020 17:27:25] NOTICE: fpm is running, pid 1
[14-Mar-2020 17:27:25] NOTICE: ready to handle connections
[14-Mar-2020 17:28:39] NOTICE: Finishing ...
[14-Mar-2020 17:28:39] NOTICE: exiting, bye-bye!
[14-Mar-2020 17:28:43] NOTICE: fpm is running, pid 1
[14-Mar-2020 17:28:43] NOTICE: ready to handle connections
[14-Mar-2020 17:29:19] NOTICE: fpm is running, pid 1
[14-Mar-2020 17:29:19] NOTICE: ready to handle connections
[14-Mar-2020 17:30:04] NOTICE: fpm is running, pid 1
[14-Mar-2020 17:30:04] NOTICE: ready to handle connections
[14-Mar-2020 17:30:28] NOTICE: Finishing ...
[14-Mar-2020 17:30:28] NOTICE: exiting, bye-bye!
[14-Mar-2020 17:30:32] NOTICE: fpm is running, pid 1
[14-Mar-2020 17:30:32] NOTICE: ready to handle connections
[14-Mar-2020 17:30:51] NOTICE: fpm is running, pid 1
[14-Mar-2020 17:30:51] NOTICE: ready to handle connections
[14-Mar-2020 17:32:01] NOTICE: Finishing ...
[14-Mar-2020 17:32:01] NOTICE: exiting, bye-bye!
[14-Mar-2020 17:32:06] NOTICE: fpm is running, pid 1
[14-Mar-2020 17:32:06] NOTICE: ready to handle connections
[14-Mar-2020 17:32:51] NOTICE: Finishing ...
[14-Mar-2020 17:32:51] NOTICE: exiting, bye-bye!
[14-Mar-2020 17:32:56] NOTICE: fpm is running, pid 1
[14-Mar-2020 17:32:56] NOTICE: ready to handle connections
[14-Mar-2020 17:33:03] NOTICE: Finishing ...
[14-Mar-2020 17:33:03] NOTICE: exiting, bye-bye!
[14-Mar-2020 17:33:04] NOTICE: fpm is running, pid 1
[14-Mar-2020 17:33:04] NOTICE: ready to handle connections
[14-Mar-2020 17:35:33] NOTICE: Finishing ...
[14-Mar-2020 17:35:33] NOTICE: exiting, bye-bye!
[14-Mar-2020 17:35:34] NOTICE: fpm is running, pid 1
[14-Mar-2020 17:35:34] NOTICE: ready to handle connections
[14-Mar-2020 17:38:29] NOTICE: Finishing ...
[14-Mar-2020 17:38:29] NOTICE: exiting, bye-bye!
[14-Mar-2020 17:38:30] NOTICE: fpm is running, pid 1
[14-Mar-2020 17:38:30] NOTICE: ready to handle connections
[14-Mar-2020 17:39:30] NOTICE: Finishing ...
[14-Mar-2020 17:39:30] NOTICE: exiting, bye-bye!
[14-Mar-2020 17:39:34] NOTICE: fpm is running, pid 1
[14-Mar-2020 17:39:34] NOTICE: ready to handle connections
[14-Mar-2020 17:40:49] NOTICE: Finishing ...
[14-Mar-2020 17:40:49] NOTICE: exiting, bye-bye!
[14-Mar-2020 17:40:53] NOTICE: fpm is running, pid 1
[14-Mar-2020 17:40:53] NOTICE: ready to handle connections
[14-Mar-2020 18:09:13] NOTICE: Finishing ...
[14-Mar-2020 18:09:13] NOTICE: exiting, bye-bye!
[14-Mar-2020 18:09:17] NOTICE: fpm is running, pid 1
[14-Mar-2020 18:09:17] NOTICE: ready to handle connections
[14-Mar-2020 18:27:31] NOTICE: Finishing ...
[14-Mar-2020 18:27:31] NOTICE: exiting, bye-bye!
[14-Mar-2020 18:29:51] NOTICE: fpm is running, pid 1
[14-Mar-2020 18:29:51] NOTICE: ready to handle connections
[14-Mar-2020 21:54:09] WARNING: [pool www] child 13 said into stderr: "NOTICE: PHP message: PHP Fatal error:  Uncaught Error: Class 'Memcache' not found in /var/www/order/backend/web/2.php:3"
[14-Mar-2020 21:54:09] WARNING: [pool www] child 13 said into stderr: "Stack trace:"
[14-Mar-2020 21:54:09] WARNING: [pool www] child 13 said into stderr: "#0 {main}"
[14-Mar-2020 21:54:09] WARNING: [pool www] child 13 said into stderr: "  thrown in /var/www/order/backend/web/2.php on line 3"
[14-Mar-2020 21:54:24] WARNING: [pool www] child 14 said into stderr: "NOTICE: PHP message: PHP Fatal error:  Uncaught Error: Class 'Memcached' not found in /var/www/order/backend/web/2.php:3"
[14-Mar-2020 21:54:24] WARNING: [pool www] child 14 said into stderr: "Stack trace:"
[14-Mar-2020 21:54:24] WARNING: [pool www] child 14 said into stderr: "#0 {main}"
[14-Mar-2020 21:54:24] WARNING: [pool www] child 14 said into stderr: "  thrown in /var/www/order/backend/web/2.php on line 3"
[14-Mar-2020 21:56:34] NOTICE: Finishing ...
[14-Mar-2020 21:56:34] NOTICE: exiting, bye-bye!
[14-Mar-2020 22:02:07] NOTICE: fpm is running, pid 1
[14-Mar-2020 22:02:07] NOTICE: ready to handle connections
[14-Mar-2020 22:02:58] NOTICE: Finishing ...
[14-Mar-2020 22:02:58] NOTICE: exiting, bye-bye!
[14-Mar-2020 22:03:02] NOTICE: fpm is running, pid 1
[14-Mar-2020 22:03:02] NOTICE: ready to handle connections
[14-Mar-2020 22:03:14] NOTICE: Finishing ...
[14-Mar-2020 22:03:14] NOTICE: exiting, bye-bye!
[14-Mar-2020 22:03:19] NOTICE: fpm is running, pid 1
[14-Mar-2020 22:03:19] NOTICE: ready to handle connections
[14-Mar-2020 22:03:40] WARNING: [pool www] child 8 said into stderr: "NOTICE: PHP message: PHP Fatal error:  Uncaught Error: Class 'Memcached' not found in /var/www/order/backend/web/2.php:3"
[14-Mar-2020 22:03:40] WARNING: [pool www] child 8 said into stderr: "Stack trace:"
[14-Mar-2020 22:03:40] WARNING: [pool www] child 8 said into stderr: "#0 {main}"
[14-Mar-2020 22:03:40] WARNING: [pool www] child 8 said into stderr: "  thrown in /var/www/order/backend/web/2.php on line 3"
[14-Mar-2020 22:03:42] WARNING: [pool www] child 13 said into stderr: "NOTICE: PHP message: PHP Fatal error:  Uncaught Error: Class 'Memcached' not found in /var/www/order/backend/web/2.php:3"
[14-Mar-2020 22:03:42] WARNING: [pool www] child 13 said into stderr: "Stack trace:"
[14-Mar-2020 22:03:42] WARNING: [pool www] child 13 said into stderr: "#0 {main}"
[14-Mar-2020 22:03:42] WARNING: [pool www] child 13 said into stderr: "  thrown in /var/www/order/backend/web/2.php on line 3"
[14-Mar-2020 22:04:25] WARNING: [pool www] child 15 said into stderr: "NOTICE: PHP message: PHP Fatal error:  Uncaught Error: Class 'Memcached' not found in /var/www/order/backend/web/2.php:3"
[14-Mar-2020 22:04:25] WARNING: [pool www] child 15 said into stderr: "Stack trace:"
[14-Mar-2020 22:04:25] WARNING: [pool www] child 15 said into stderr: "#0 {main}"
[14-Mar-2020 22:04:25] WARNING: [pool www] child 15 said into stderr: "  thrown in /var/www/order/backend/web/2.php on line 3"
[14-Mar-2020 22:04:26] WARNING: [pool www] child 11 said into stderr: "NOTICE: PHP message: PHP Fatal error:  Uncaught Error: Class 'Memcached' not found in /var/www/order/backend/web/2.php:3"
[14-Mar-2020 22:04:26] WARNING: [pool www] child 11 said into stderr: "Stack trace:"
[14-Mar-2020 22:04:26] WARNING: [pool www] child 11 said into stderr: "#0 {main}"
[14-Mar-2020 22:04:26] WARNING: [pool www] child 11 said into stderr: "  thrown in /var/www/order/backend/web/2.php on line 3"
[14-Mar-2020 22:04:26] WARNING: [pool www] child 14 said into stderr: "NOTICE: PHP message: PHP Fatal error:  Uncaught Error: Class 'Memcached' not found in /var/www/order/backend/web/2.php:3"
[14-Mar-2020 22:04:26] WARNING: [pool www] child 14 said into stderr: "Stack trace:"
[14-Mar-2020 22:04:26] WARNING: [pool www] child 14 said into stderr: "#0 {main}"
[14-Mar-2020 22:04:26] WARNING: [pool www] child 14 said into stderr: "  thrown in /var/www/order/backend/web/2.php on line 3"
[14-Mar-2020 22:04:26] WARNING: [pool www] child 12 said into stderr: "NOTICE: PHP message: PHP Fatal error:  Uncaught Error: Class 'Memcached' not found in /var/www/order/backend/web/2.php:3"
[14-Mar-2020 22:04:26] WARNING: [pool www] child 12 said into stderr: "Stack trace:"
[14-Mar-2020 22:04:26] WARNING: [pool www] child 12 said into stderr: "#0 {main}"
[14-Mar-2020 22:04:26] WARNING: [pool www] child 12 said into stderr: "  thrown in /var/www/order/backend/web/2.php on line 3"
[14-Mar-2020 22:04:27] WARNING: [pool www] child 9 said into stderr: "NOTICE: PHP message: PHP Fatal error:  Uncaught Error: Class 'Memcached' not found in /var/www/order/backend/web/2.php:3"
[14-Mar-2020 22:04:27] WARNING: [pool www] child 9 said into stderr: "Stack trace:"
[14-Mar-2020 22:04:27] WARNING: [pool www] child 9 said into stderr: "#0 {main}"
[14-Mar-2020 22:04:27] WARNING: [pool www] child 9 said into stderr: "  thrown in /var/www/order/backend/web/2.php on line 3"
[14-Mar-2020 22:04:27] WARNING: [pool www] child 10 said into stderr: "NOTICE: PHP message: PHP Fatal error:  Uncaught Error: Class 'Memcached' not found in /var/www/order/backend/web/2.php:3"
[14-Mar-2020 22:04:27] WARNING: [pool www] child 10 said into stderr: "Stack trace:"
[14-Mar-2020 22:04:27] WARNING: [pool www] child 10 said into stderr: "#0 {main}"
[14-Mar-2020 22:04:27] WARNING: [pool www] child 10 said into stderr: "  thrown in /var/www/order/backend/web/2.php on line 3"
[14-Mar-2020 22:05:06] WARNING: [pool www] child 6 said into stderr: "NOTICE: PHP message: PHP Fatal error:  Uncaught Error: Class 'Memcached' not found in /var/www/order/backend/web/2.php:2"
[14-Mar-2020 22:05:06] WARNING: [pool www] child 6 said into stderr: "Stack trace:"
[14-Mar-2020 22:05:06] WARNING: [pool www] child 6 said into stderr: "#0 {main}"
[14-Mar-2020 22:05:06] WARNING: [pool www] child 6 said into stderr: "  thrown in /var/www/order/backend/web/2.php on line 2"
[14-Mar-2020 22:05:07] WARNING: [pool www] child 7 said into stderr: "NOTICE: PHP message: PHP Fatal error:  Uncaught Error: Class 'Memcached' not found in /var/www/order/backend/web/2.php:2"
[14-Mar-2020 22:05:07] WARNING: [pool www] child 7 said into stderr: "Stack trace:"
[14-Mar-2020 22:05:07] WARNING: [pool www] child 7 said into stderr: "#0 {main}"
[14-Mar-2020 22:05:07] WARNING: [pool www] child 7 said into stderr: "  thrown in /var/www/order/backend/web/2.php on line 2"
[14-Mar-2020 22:05:08] WARNING: [pool www] child 8 said into stderr: "NOTICE: PHP message: PHP Fatal error:  Uncaught Error: Class 'Memcached' not found in /var/www/order/backend/web/2.php:2"
[14-Mar-2020 22:05:08] WARNING: [pool www] child 8 said into stderr: "Stack trace:"
[14-Mar-2020 22:05:08] WARNING: [pool www] child 8 said into stderr: "#0 {main}"
[14-Mar-2020 22:05:08] WARNING: [pool www] child 8 said into stderr: "  thrown in /var/www/order/backend/web/2.php on line 2"
[14-Mar-2020 22:05:08] WARNING: [pool www] child 13 said into stderr: "NOTICE: PHP message: PHP Fatal error:  Uncaught Error: Class 'Memcached' not found in /var/www/order/backend/web/2.php:2"
[14-Mar-2020 22:05:08] WARNING: [pool www] child 13 said into stderr: "Stack trace:"
[14-Mar-2020 22:05:08] WARNING: [pool www] child 13 said into stderr: "#0 {main}"
[14-Mar-2020 22:05:08] WARNING: [pool www] child 13 said into stderr: "  thrown in /var/www/order/backend/web/2.php on line 2"
[14-Mar-2020 22:05:09] WARNING: [pool www] child 15 said into stderr: "NOTICE: PHP message: PHP Fatal error:  Uncaught Error: Class 'Memcached' not found in /var/www/order/backend/web/2.php:2"
[14-Mar-2020 22:05:09] WARNING: [pool www] child 15 said into stderr: "Stack trace:"
[14-Mar-2020 22:05:09] WARNING: [pool www] child 15 said into stderr: "#0 {main}"
[14-Mar-2020 22:05:09] WARNING: [pool www] child 15 said into stderr: "  thrown in /var/www/order/backend/web/2.php on line 2"
[14-Mar-2020 22:05:10] WARNING: [pool www] child 11 said into stderr: "NOTICE: PHP message: PHP Fatal error:  Uncaught Error: Class 'Memcached' not found in /var/www/order/backend/web/2.php:2"
[14-Mar-2020 22:05:10] WARNING: [pool www] child 11 said into stderr: "Stack trace:"
[14-Mar-2020 22:05:10] WARNING: [pool www] child 11 said into stderr: "#0 {main}"
[14-Mar-2020 22:05:10] WARNING: [pool www] child 11 said into stderr: "  thrown in /var/www/order/backend/web/2.php on line 2"
[14-Mar-2020 22:06:05] NOTICE: Finishing ...
[14-Mar-2020 22:06:05] NOTICE: exiting, bye-bye!
[14-Mar-2020 22:06:09] NOTICE: fpm is running, pid 1
[14-Mar-2020 22:06:09] NOTICE: ready to handle connections
[14-Mar-2020 22:06:29] WARNING: [pool www] child 7 said into stderr: "NOTICE: PHP message: PHP Fatal error:  Uncaught Error: Class 'Memcached' not found in /var/www/order/backend/web/2.php:2"
[14-Mar-2020 22:06:29] WARNING: [pool www] child 7 said into stderr: "Stack trace:"
[14-Mar-2020 22:06:29] WARNING: [pool www] child 7 said into stderr: "#0 {main}"
[14-Mar-2020 22:06:29] WARNING: [pool www] child 7 said into stderr: "  thrown in /var/www/order/backend/web/2.php on line 2"
[14-Mar-2020 22:06:30] WARNING: [pool www] child 8 said into stderr: "NOTICE: PHP message: PHP Fatal error:  Uncaught Error: Class 'Memcached' not found in /var/www/order/backend/web/2.php:2"
[14-Mar-2020 22:06:30] WARNING: [pool www] child 8 said into stderr: "Stack trace:"
[14-Mar-2020 22:06:30] WARNING: [pool www] child 8 said into stderr: "#0 {main}"
[14-Mar-2020 22:06:30] WARNING: [pool www] child 8 said into stderr: "  thrown in /var/www/order/backend/web/2.php on line 2"
[14-Mar-2020 22:06:31] WARNING: [pool www] child 6 said into stderr: "NOTICE: PHP message: PHP Fatal error:  Uncaught Error: Class 'Memcached' not found in /var/www/order/backend/web/2.php:2"
[14-Mar-2020 22:06:31] WARNING: [pool www] child 6 said into stderr: "Stack trace:"
[14-Mar-2020 22:06:31] WARNING: [pool www] child 6 said into stderr: "#0 {main}"
[14-Mar-2020 22:06:31] WARNING: [pool www] child 6 said into stderr: "  thrown in /var/www/order/backend/web/2.php on line 2"
[14-Mar-2020 22:06:33] WARNING: [pool www] child 13 said into stderr: "NOTICE: PHP message: PHP Fatal error:  Uncaught Error: Class 'Memcached' not found in /var/www/order/backend/web/2.php:2"
[14-Mar-2020 22:06:33] WARNING: [pool www] child 13 said into stderr: "Stack trace:"
[14-Mar-2020 22:06:33] WARNING: [pool www] child 13 said into stderr: "#0 {main}"
[14-Mar-2020 22:06:33] WARNING: [pool www] child 13 said into stderr: "  thrown in /var/www/order/backend/web/2.php on line 2"
[14-Mar-2020 22:07:09] WARNING: [pool www] child 15 said into stderr: "NOTICE: PHP message: PHP Fatal error:  Uncaught Error: Class 'Memcached' not found in /var/www/order/backend/web/2.php:2"
[14-Mar-2020 22:07:09] WARNING: [pool www] child 15 said into stderr: "Stack trace:"
[14-Mar-2020 22:07:09] WARNING: [pool www] child 15 said into stderr: "#0 {main}"
[14-Mar-2020 22:07:09] WARNING: [pool www] child 15 said into stderr: "  thrown in /var/www/order/backend/web/2.php on line 2"
[14-Mar-2020 22:07:10] WARNING: [pool www] child 14 said into stderr: "NOTICE: PHP message: PHP Fatal error:  Uncaught Error: Class 'Memcached' not found in /var/www/order/backend/web/2.php:2"
[14-Mar-2020 22:07:10] WARNING: [pool www] child 14 said into stderr: "Stack trace:"
[14-Mar-2020 22:07:10] WARNING: [pool www] child 14 said into stderr: "#0 {main}"
[14-Mar-2020 22:07:10] WARNING: [pool www] child 14 said into stderr: "  thrown in /var/www/order/backend/web/2.php on line 2"
[14-Mar-2020 22:07:11] WARNING: [pool www] child 12 said into stderr: "NOTICE: PHP message: PHP Fatal error:  Uncaught Error: Class 'Memcached' not found in /var/www/order/backend/web/2.php:2"
[14-Mar-2020 22:07:11] WARNING: [pool www] child 12 said into stderr: "Stack trace:"
[14-Mar-2020 22:07:11] WARNING: [pool www] child 12 said into stderr: "#0 {main}"
[14-Mar-2020 22:07:11] WARNING: [pool www] child 12 said into stderr: "  thrown in /var/www/order/backend/web/2.php on line 2"
[14-Mar-2020 22:07:14] WARNING: [pool www] child 9 said into stderr: "NOTICE: PHP message: PHP Fatal error:  Uncaught Error: Class 'Memcached' not found in /var/www/order/backend/web/2.php:2"
[14-Mar-2020 22:07:14] WARNING: [pool www] child 9 said into stderr: "Stack trace:"
[14-Mar-2020 22:07:14] WARNING: [pool www] child 9 said into stderr: "#0 {main}"
[14-Mar-2020 22:07:14] WARNING: [pool www] child 9 said into stderr: "  thrown in /var/www/order/backend/web/2.php on line 2"
[14-Mar-2020 22:07:15] WARNING: [pool www] child 10 said into stderr: "NOTICE: PHP message: PHP Fatal error:  Uncaught Error: Class 'Memcached' not found in /var/www/order/backend/web/2.php:2"
[14-Mar-2020 22:07:15] WARNING: [pool www] child 10 said into stderr: "Stack trace:"
[14-Mar-2020 22:07:15] WARNING: [pool www] child 10 said into stderr: "#0 {main}"
[14-Mar-2020 22:07:15] WARNING: [pool www] child 10 said into stderr: "  thrown in /var/www/order/backend/web/2.php on line 2"
[14-Mar-2020 22:07:16] WARNING: [pool www] child 11 said into stderr: "NOTICE: PHP message: PHP Fatal error:  Uncaught Error: Class 'Memcached' not found in /var/www/order/backend/web/2.php:2"
[14-Mar-2020 22:07:16] WARNING: [pool www] child 11 said into stderr: "Stack trace:"
[14-Mar-2020 22:07:16] WARNING: [pool www] child 11 said into stderr: "#0 {main}"
[14-Mar-2020 22:07:16] WARNING: [pool www] child 11 said into stderr: "  thrown in /var/www/order/backend/web/2.php on line 2"
[14-Mar-2020 22:07:21] WARNING: [pool www] child 8 said into stderr: "NOTICE: PHP message: PHP Fatal error:  Uncaught Error: Class 'Memcached' not found in /var/www/order/backend/web/2.php:2"
[14-Mar-2020 22:07:21] WARNING: [pool www] child 8 said into stderr: "Stack trace:"
[14-Mar-2020 22:07:21] WARNING: [pool www] child 8 said into stderr: "#0 {main}"
[14-Mar-2020 22:07:21] WARNING: [pool www] child 8 said into stderr: "  thrown in /var/www/order/backend/web/2.php on line 2"
[14-Mar-2020 22:07:23] WARNING: [pool www] child 6 said into stderr: "NOTICE: PHP message: PHP Fatal error:  Uncaught Error: Class 'Memcached' not found in /var/www/order/backend/web/2.php:2"
[14-Mar-2020 22:07:23] WARNING: [pool www] child 6 said into stderr: "Stack trace:"
[14-Mar-2020 22:07:23] WARNING: [pool www] child 6 said into stderr: "#0 {main}"
[14-Mar-2020 22:07:23] WARNING: [pool www] child 6 said into stderr: "  thrown in /var/www/order/backend/web/2.php on line 2"
[14-Mar-2020 22:07:25] WARNING: [pool www] child 13 said into stderr: "NOTICE: PHP message: PHP Fatal error:  Uncaught Error: Class 'Memcached' not found in /var/www/order/backend/web/2.php:2"
[14-Mar-2020 22:07:25] WARNING: [pool www] child 13 said into stderr: "Stack trace:"
[14-Mar-2020 22:07:25] WARNING: [pool www] child 13 said into stderr: "#0 {main}"
[14-Mar-2020 22:07:25] WARNING: [pool www] child 13 said into stderr: "  thrown in /var/www/order/backend/web/2.php on line 2"
[14-Mar-2020 22:07:26] WARNING: [pool www] child 15 said into stderr: "NOTICE: PHP message: PHP Fatal error:  Uncaught Error: Class 'Memcached' not found in /var/www/order/backend/web/2.php:2"
[14-Mar-2020 22:07:26] WARNING: [pool www] child 15 said into stderr: "Stack trace:"
[14-Mar-2020 22:07:26] WARNING: [pool www] child 15 said into stderr: "#0 {main}"
[14-Mar-2020 22:07:26] WARNING: [pool www] child 15 said into stderr: "  thrown in /var/www/order/backend/web/2.php on line 2"
[14-Mar-2020 22:07:27] WARNING: [pool www] child 14 said into stderr: "NOTICE: PHP message: PHP Fatal error:  Uncaught Error: Class 'Memcached' not found in /var/www/order/backend/web/2.php:2"
[14-Mar-2020 22:07:27] WARNING: [pool www] child 14 said into stderr: "Stack trace:"
[14-Mar-2020 22:07:27] WARNING: [pool www] child 14 said into stderr: "#0 {main}"
[14-Mar-2020 22:07:27] WARNING: [pool www] child 14 said into stderr: "  thrown in /var/www/order/backend/web/2.php on line 2"
[14-Mar-2020 22:07:28] WARNING: [pool www] child 12 said into stderr: "NOTICE: PHP message: PHP Fatal error:  Uncaught Error: Class 'Memcached' not found in /var/www/order/backend/web/2.php:2"
[14-Mar-2020 22:07:28] WARNING: [pool www] child 12 said into stderr: "Stack trace:"
[14-Mar-2020 22:07:28] WARNING: [pool www] child 12 said into stderr: "#0 {main}"
[14-Mar-2020 22:07:28] WARNING: [pool www] child 12 said into stderr: "  thrown in /var/www/order/backend/web/2.php on line 2"
[14-Mar-2020 22:07:29] WARNING: [pool www] child 9 said into stderr: "NOTICE: PHP message: PHP Fatal error:  Uncaught Error: Class 'Memcached' not found in /var/www/order/backend/web/2.php:2"
[14-Mar-2020 22:07:29] WARNING: [pool www] child 9 said into stderr: "Stack trace:"
[14-Mar-2020 22:07:29] WARNING: [pool www] child 9 said into stderr: "#0 {main}"
[14-Mar-2020 22:07:29] WARNING: [pool www] child 9 said into stderr: "  thrown in /var/www/order/backend/web/2.php on line 2"
[14-Mar-2020 22:07:30] WARNING: [pool www] child 10 said into stderr: "NOTICE: PHP message: PHP Fatal error:  Uncaught Error: Class 'Memcached' not found in /var/www/order/backend/web/2.php:2"
[14-Mar-2020 22:07:30] WARNING: [pool www] child 10 said into stderr: "Stack trace:"
[14-Mar-2020 22:07:30] WARNING: [pool www] child 10 said into stderr: "#0 {main}"
[14-Mar-2020 22:07:30] WARNING: [pool www] child 10 said into stderr: "  thrown in /var/www/order/backend/web/2.php on line 2"
[14-Mar-2020 22:07:30] WARNING: [pool www] child 11 said into stderr: "NOTICE: PHP message: PHP Fatal error:  Uncaught Error: Class 'Memcached' not found in /var/www/order/backend/web/2.php:2"
[14-Mar-2020 22:07:30] WARNING: [pool www] child 11 said into stderr: "Stack trace:"
[14-Mar-2020 22:07:30] WARNING: [pool www] child 11 said into stderr: "#0 {main}"
[14-Mar-2020 22:07:30] WARNING: [pool www] child 11 said into stderr: "  thrown in /var/www/order/backend/web/2.php on line 2"
[14-Mar-2020 22:08:23] WARNING: [pool www] child 7 said into stderr: "NOTICE: PHP message: PHP Fatal error:  Uncaught Error: Class 'Memcached' not found in /var/www/order/backend/web/2.php:2"
[14-Mar-2020 22:08:23] WARNING: [pool www] child 7 said into stderr: "Stack trace:"
[14-Mar-2020 22:08:23] WARNING: [pool www] child 7 said into stderr: "#0 {main}"
[14-Mar-2020 22:08:23] WARNING: [pool www] child 7 said into stderr: "  thrown in /var/www/order/backend/web/2.php on line 2"
[14-Mar-2020 22:10:36] WARNING: [pool www] child 8 said into stderr: "NOTICE: PHP message: PHP Fatal error:  Uncaught Error: Class 'Memcached' not found in /var/www/order/backend/web/2.php:2"
[14-Mar-2020 22:10:36] WARNING: [pool www] child 8 said into stderr: "Stack trace:"
[14-Mar-2020 22:10:36] WARNING: [pool www] child 8 said into stderr: "#0 {main}"
[14-Mar-2020 22:10:36] WARNING: [pool www] child 8 said into stderr: "  thrown in /var/www/order/backend/web/2.php on line 2"
[14-Mar-2020 22:13:18] WARNING: [pool www] child 6 said into stderr: "NOTICE: PHP message: PHP Fatal error:  Uncaught Error: Class 'Memcached' not found in /var/www/order/backend/web/2.php:2"
[14-Mar-2020 22:13:18] WARNING: [pool www] child 6 said into stderr: "Stack trace:"
[14-Mar-2020 22:13:18] WARNING: [pool www] child 6 said into stderr: "#0 {main}"
[14-Mar-2020 22:13:18] WARNING: [pool www] child 6 said into stderr: "  thrown in /var/www/order/backend/web/2.php on line 2"
[14-Mar-2020 22:13:19] WARNING: [pool www] child 13 said into stderr: "NOTICE: PHP message: PHP Fatal error:  Uncaught Error: Class 'Memcached' not found in /var/www/order/backend/web/2.php:2"
[14-Mar-2020 22:13:19] WARNING: [pool www] child 13 said into stderr: "Stack trace:"
[14-Mar-2020 22:13:19] WARNING: [pool www] child 13 said into stderr: "#0 {main}"
[14-Mar-2020 22:13:19] WARNING: [pool www] child 13 said into stderr: "  thrown in /var/www/order/backend/web/2.php on line 2"
[14-Mar-2020 22:13:20] WARNING: [pool www] child 15 said into stderr: "NOTICE: PHP message: PHP Fatal error:  Uncaught Error: Class 'Memcached' not found in /var/www/order/backend/web/2.php:2"
[14-Mar-2020 22:13:20] WARNING: [pool www] child 15 said into stderr: "Stack trace:"
[14-Mar-2020 22:13:20] WARNING: [pool www] child 15 said into stderr: "#0 {main}"
[14-Mar-2020 22:13:20] WARNING: [pool www] child 15 said into stderr: "  thrown in /var/www/order/backend/web/2.php on line 2"
[14-Mar-2020 22:14:16] WARNING: [pool www] child 14 said into stderr: "NOTICE: PHP message: PHP Fatal error:  Uncaught Error: Class 'Memcached' not found in /var/www/order/backend/web/2.php:2"
[14-Mar-2020 22:14:16] WARNING: [pool www] child 14 said into stderr: "Stack trace:"
[14-Mar-2020 22:14:16] WARNING: [pool www] child 14 said into stderr: "#0 {main}"
[14-Mar-2020 22:14:16] WARNING: [pool www] child 14 said into stderr: "  thrown in /var/www/order/backend/web/2.php on line 2"
[14-Mar-2020 22:14:17] WARNING: [pool www] child 12 said into stderr: "NOTICE: PHP message: PHP Fatal error:  Uncaught Error: Class 'Memcached' not found in /var/www/order/backend/web/2.php:2"
[14-Mar-2020 22:14:17] WARNING: [pool www] child 12 said into stderr: "Stack trace:"
[14-Mar-2020 22:14:17] WARNING: [pool www] child 12 said into stderr: "#0 {main}"
[14-Mar-2020 22:14:17] WARNING: [pool www] child 12 said into stderr: "  thrown in /var/www/order/backend/web/2.php on line 2"
[14-Mar-2020 22:14:29] WARNING: [pool www] child 9 said into stderr: "NOTICE: PHP message: PHP Fatal error:  Uncaught Error: Class 'Memcached' not found in /var/www/order/backend/web/2.php:2"
[14-Mar-2020 22:14:29] WARNING: [pool www] child 9 said into stderr: "Stack trace:"
[14-Mar-2020 22:14:29] WARNING: [pool www] child 9 said into stderr: "#0 {main}"
[14-Mar-2020 22:14:29] WARNING: [pool www] child 9 said into stderr: "  thrown in /var/www/order/backend/web/2.php on line 2"
[14-Mar-2020 22:14:30] WARNING: [pool www] child 10 said into stderr: "NOTICE: PHP message: PHP Fatal error:  Uncaught Error: Class 'Memcached' not found in /var/www/order/backend/web/2.php:2"
[14-Mar-2020 22:14:30] WARNING: [pool www] child 10 said into stderr: "Stack trace:"
[14-Mar-2020 22:14:30] WARNING: [pool www] child 10 said into stderr: "#0 {main}"
[14-Mar-2020 22:14:30] WARNING: [pool www] child 10 said into stderr: "  thrown in /var/www/order/backend/web/2.php on line 2"
[14-Mar-2020 22:14:32] WARNING: [pool www] child 11 said into stderr: "NOTICE: PHP message: PHP Fatal error:  Uncaught Error: Class 'Memcached' not found in /var/www/order/backend/web/2.php:2"
[14-Mar-2020 22:14:32] WARNING: [pool www] child 11 said into stderr: "Stack trace:"
[14-Mar-2020 22:14:32] WARNING: [pool www] child 11 said into stderr: "#0 {main}"
[14-Mar-2020 22:14:32] WARNING: [pool www] child 11 said into stderr: "  thrown in /var/www/order/backend/web/2.php on line 2"
[14-Mar-2020 22:14:38] WARNING: [pool www] child 7 said into stderr: "NOTICE: PHP message: PHP Fatal error:  Uncaught Error: Class 'Memcached' not found in /var/www/order/backend/web/2.php:2"
[14-Mar-2020 22:14:38] WARNING: [pool www] child 7 said into stderr: "Stack trace:"
[14-Mar-2020 22:14:38] WARNING: [pool www] child 7 said into stderr: "#0 {main}"
[14-Mar-2020 22:14:38] WARNING: [pool www] child 7 said into stderr: "  thrown in /var/www/order/backend/web/2.php on line 2"
[14-Mar-2020 22:14:40] WARNING: [pool www] child 8 said into stderr: "NOTICE: PHP message: PHP Fatal error:  Uncaught Error: Class 'Memcached' not found in /var/www/order/backend/web/2.php:2"
[14-Mar-2020 22:14:40] WARNING: [pool www] child 8 said into stderr: "Stack trace:"
[14-Mar-2020 22:14:40] WARNING: [pool www] child 8 said into stderr: "#0 {main}"
[14-Mar-2020 22:14:40] WARNING: [pool www] child 8 said into stderr: "  thrown in /var/www/order/backend/web/2.php on line 2"
[14-Mar-2020 22:14:41] WARNING: [pool www] child 6 said into stderr: "NOTICE: PHP message: PHP Fatal error:  Uncaught Error: Class 'Memcached' not found in /var/www/order/backend/web/2.php:2"
[14-Mar-2020 22:14:41] WARNING: [pool www] child 6 said into stderr: "Stack trace:"
[14-Mar-2020 22:14:41] WARNING: [pool www] child 6 said into stderr: "#0 {main}"
[14-Mar-2020 22:14:41] WARNING: [pool www] child 6 said into stderr: "  thrown in /var/www/order/backend/web/2.php on line 2"
[14-Mar-2020 22:28:41] WARNING: [pool www] child 13 said into stderr: "NOTICE: PHP message: PHP Fatal error:  Uncaught Error: Class 'Memcached' not found in /var/www/order/backend/web/2.php:2"
[14-Mar-2020 22:28:41] WARNING: [pool www] child 13 said into stderr: "Stack trace:"
[14-Mar-2020 22:28:41] WARNING: [pool www] child 13 said into stderr: "#0 {main}"
[14-Mar-2020 22:28:41] WARNING: [pool www] child 13 said into stderr: "  thrown in /var/www/order/backend/web/2.php on line 2"
[14-Mar-2020 22:28:42] WARNING: [pool www] child 15 said into stderr: "NOTICE: PHP message: PHP Fatal error:  Uncaught Error: Class 'Memcached' not found in /var/www/order/backend/web/2.php:2"
[14-Mar-2020 22:28:42] WARNING: [pool www] child 15 said into stderr: "Stack trace:"
[14-Mar-2020 22:28:42] WARNING: [pool www] child 15 said into stderr: "#0 {main}"
[14-Mar-2020 22:28:42] WARNING: [pool www] child 15 said into stderr: "  thrown in /var/www/order/backend/web/2.php on line 2"
[14-Mar-2020 22:34:07] NOTICE: Finishing ...
[14-Mar-2020 22:34:07] NOTICE: exiting, bye-bye!
[15-Mar-2020 00:23:34] NOTICE: fpm is running, pid 1
[15-Mar-2020 00:23:34] NOTICE: ready to handle connections
[15-Mar-2020 00:24:40] WARNING: [pool www] child 6 said into stderr: "NOTICE: PHP message: PHP Warning:  Memcached::set() expects at most 3 parameters, 4 given in /var/www/order/backend/web/2.php on line 4"
[15-Mar-2020 00:24:41] WARNING: [pool www] child 6 said into stderr: "NOTICE: PHP message: PHP Notice:  Undefined variable: valis in /var/www/order/backend/web/2.php on line 6"
[15-Mar-2020 00:29:03] NOTICE: Finishing ...
[15-Mar-2020 00:29:03] NOTICE: exiting, bye-bye!
[15-Mar-2020 00:33:40] NOTICE: fpm is running, pid 1
[15-Mar-2020 00:33:40] NOTICE: ready to handle connections
[15-Mar-2020 00:33:44] WARNING: [pool www] child 6 said into stderr: "NOTICE: PHP message: PHP Warning:  Memcached::set() expects at most 3 parameters, 4 given in /var/www/order/backend/web/2.php on line 4"
[15-Mar-2020 00:33:45] WARNING: [pool www] child 6 said into stderr: "NOTICE: PHP message: PHP Notice:  Undefined variable: valis in /var/www/order/backend/web/2.php on line 6"
[15-Mar-2020 00:37:55] NOTICE: Finishing ...
[15-Mar-2020 00:37:55] NOTICE: exiting, bye-bye!
[15-Mar-2020 00:38:07] NOTICE: fpm is running, pid 1
[15-Mar-2020 00:38:07] NOTICE: ready to handle connections
[15-Mar-2020 00:38:14] NOTICE: fpm is running, pid 1
[15-Mar-2020 00:38:14] NOTICE: ready to handle connections
[15-Mar-2020 00:40:03] NOTICE: Finishing ...
[15-Mar-2020 00:40:03] NOTICE: exiting, bye-bye!
[15-Mar-2020 00:40:14] NOTICE: fpm is running, pid 1
[15-Mar-2020 00:40:14] NOTICE: ready to handle connections
[15-Mar-2020 00:40:48] NOTICE: Finishing ...
[15-Mar-2020 00:40:48] NOTICE: exiting, bye-bye!
[15-Mar-2020 00:40:52] NOTICE: fpm is running, pid 1
[15-Mar-2020 00:40:52] NOTICE: ready to handle connections
[15-Mar-2020 00:41:08] NOTICE: Finishing ...
[15-Mar-2020 00:41:08] NOTICE: exiting, bye-bye!
[15-Mar-2020 10:55:58] NOTICE: fpm is running, pid 1
[15-Mar-2020 10:55:58] NOTICE: ready to handle connections
[15-Mar-2020 10:57:56] NOTICE: Finishing ...
[15-Mar-2020 10:57:56] NOTICE: exiting, bye-bye!
[15-Mar-2020 10:57:57] NOTICE: fpm is running, pid 1
[15-Mar-2020 10:57:57] NOTICE: ready to handle connections
[15-Mar-2020 10:58:18] NOTICE: Finishing ...
[15-Mar-2020 10:58:18] NOTICE: exiting, bye-bye!
[15-Mar-2020 10:58:19] NOTICE: fpm is running, pid 1
[15-Mar-2020 10:58:19] NOTICE: ready to handle connections
[15-Mar-2020 10:58:40] WARNING: [pool www] child 6 said into stderr: "NOTICE: PHP message: PHP Warning:  Memcached::set() expects at most 3 parameters, 4 given in /var/www/order/backend/web/2.php on line 4"
[15-Mar-2020 10:58:41] WARNING: [pool www] child 6 said into stderr: "NOTICE: PHP message: PHP Notice:  Undefined variable: valis in /var/www/order/backend/web/2.php on line 6"
[15-Mar-2020 10:59:55] WARNING: [pool www] child 8 said into stderr: "NOTICE: PHP message: PHP Notice:  Undefined variable: valis in /var/www/order/backend/web/2.php on line 6"
[15-Mar-2020 11:47:03] NOTICE: Finishing ...
[15-Mar-2020 11:47:03] NOTICE: exiting, bye-bye!
[15-Mar-2020 11:47:20] NOTICE: fpm is running, pid 1
[15-Mar-2020 11:47:20] NOTICE: ready to handle connections
[15-Mar-2020 12:02:09] NOTICE: Finishing ...
[15-Mar-2020 12:02:09] NOTICE: exiting, bye-bye!
[15-Mar-2020 12:02:16] NOTICE: fpm is running, pid 1
[15-Mar-2020 12:02:16] NOTICE: ready to handle connections
[15-Mar-2020 13:43:43] NOTICE: Finishing ...
[15-Mar-2020 13:43:43] NOTICE: exiting, bye-bye!
[15-Mar-2020 13:43:52] NOTICE: fpm is running, pid 1
[15-Mar-2020 13:43:52] NOTICE: ready to handle connections
[15-Mar-2020 14:49:02] NOTICE: Finishing ...
[15-Mar-2020 14:49:02] NOTICE: exiting, bye-bye!
[15-Mar-2020 14:52:19] NOTICE: fpm is running, pid 1
[15-Mar-2020 14:52:19] NOTICE: ready to handle connections
[15-Mar-2020 15:00:31] NOTICE: Finishing ...
[15-Mar-2020 15:00:31] NOTICE: exiting, bye-bye!
[15-Mar-2020 15:01:03] NOTICE: fpm is running, pid 1
[15-Mar-2020 15:01:03] NOTICE: ready to handle connections
[15-Mar-2020 15:03:00] NOTICE: Finishing ...
[15-Mar-2020 15:03:00] NOTICE: exiting, bye-bye!
[15-Mar-2020 15:03:08] NOTICE: fpm is running, pid 1
[15-Mar-2020 15:03:08] NOTICE: ready to handle connections
[15-Mar-2020 15:04:14] NOTICE: Finishing ...
[15-Mar-2020 15:04:14] NOTICE: exiting, bye-bye!
[15-Mar-2020 15:04:22] NOTICE: fpm is running, pid 1
[15-Mar-2020 15:04:22] NOTICE: ready to handle connections
[15-Mar-2020 15:06:02] NOTICE: Finishing ...
[15-Mar-2020 15:06:02] NOTICE: exiting, bye-bye!
[15-Mar-2020 15:09:35] NOTICE: fpm is running, pid 1
[15-Mar-2020 15:09:35] NOTICE: ready to handle connections
[15-Mar-2020 15:09:58] NOTICE: Finishing ...
[15-Mar-2020 15:09:58] NOTICE: exiting, bye-bye!
[15-Mar-2020 15:20:43] NOTICE: fpm is running, pid 1
[15-Mar-2020 15:20:43] NOTICE: ready to handle connections
[15-Mar-2020 15:22:19] NOTICE: Finishing ...
[15-Mar-2020 15:22:19] NOTICE: exiting, bye-bye!
[15-Mar-2020 15:22:27] NOTICE: fpm is running, pid 1
[15-Mar-2020 15:22:27] NOTICE: ready to handle connections
[15-Mar-2020 15:22:59] NOTICE: Finishing ...
[15-Mar-2020 15:22:59] NOTICE: exiting, bye-bye!
[15-Mar-2020 15:23:28] NOTICE: fpm is running, pid 1
[15-Mar-2020 15:23:28] NOTICE: ready to handle connections
[15-Mar-2020 16:12:13] NOTICE: Finishing ...
[15-Mar-2020 16:12:13] NOTICE: exiting, bye-bye!
[15-Mar-2020 16:12:22] NOTICE: fpm is running, pid 1
[15-Mar-2020 16:12:22] NOTICE: ready to handle connections
[15-Mar-2020 16:26:26] NOTICE: Finishing ...
[15-Mar-2020 16:26:26] NOTICE: exiting, bye-bye!
[15-Mar-2020 16:26:34] NOTICE: fpm is running, pid 1
[15-Mar-2020 16:26:34] NOTICE: ready to handle connections
[15-Mar-2020 18:03:10] WARNING: [pool www] child 15 said into stderr: "NOTICE: PHP message: PHP Fatal error:  Uncaught Error: Class 'Predis\Client' not found in /var/www/order/backend/web/3.php:3"
[15-Mar-2020 18:03:10] WARNING: [pool www] child 15 said into stderr: "Stack trace:"
[15-Mar-2020 18:03:10] WARNING: [pool www] child 15 said into stderr: "#0 {main}"
[15-Mar-2020 18:03:10] WARNING: [pool www] child 15 said into stderr: "  thrown in /var/www/order/backend/web/3.php on line 3"
[15-Mar-2020 18:04:40] WARNING: [pool www] child 16 said into stderr: "NOTICE: PHP message: PHP Warning:  require(Predis/Autoloader.php): failed to open stream: No such file or directory in /var/www/order/backend/web/3.php on line 3"
[15-Mar-2020 18:04:40] WARNING: [pool www] child 16 said into stderr: "NOTICE: PHP message: PHP Fatal error:  require(): Failed opening required 'Predis/Autoloader.php' (include_path='.:/usr/local/lib/php') in /var/www/order/backend/web/3.php on line 3"
[15-Mar-2020 18:17:42] WARNING: [pool www] child 12 said into stderr: "NOTICE: PHP message: An Error occurred while handling another error:"
[15-Mar-2020 18:17:42] WARNING: [pool www] child 12 said into stderr: "yii\web\HeadersAlreadySentException: Headers already sent in /var/www/order/backend/controllers/TestController.php on line 17. in /var/www/order/vendor/yiisoft/yii2/web/Response.php:366"
[15-Mar-2020 18:17:42] WARNING: [pool www] child 12 said into stderr: "Stack trace:"
[15-Mar-2020 18:17:42] WARNING: [pool www] child 12 said into stderr: "#0 /var/www/order/vendor/yiisoft/yii2/web/Response.php(339): yii\web\Response->sendHeaders()"
[15-Mar-2020 18:17:42] WARNING: [pool www] child 12 said into stderr: "#1 /var/www/order/vendor/yiisoft/yii2/web/ErrorHandler.php(136): yii\web\Response->send()"
[15-Mar-2020 18:17:42] WARNING: [pool www] child 12 said into stderr: "#2 /var/www/order/vendor/yiisoft/yii2/base/ErrorHandler.php(123): yii\web\ErrorHandler->renderException(Object(yii\web\HeadersAlreadySentException))"
[15-Mar-2020 18:17:42] WARNING: [pool www] child 12 said into stderr: "#3 [internal function]: yii\base\ErrorHandler->handleException(Object(yii\web\HeadersAlreadySentException))"
[15-Mar-2020 18:17:42] WARNING: [pool www] child 12 said into stderr: "#4 {main}"
[15-Mar-2020 18:17:42] WARNING: [pool www] child 12 said into stderr: "Previous exception:"
[15-Mar-2020 18:17:42] WARNING: [pool www] child 12 said into stderr: "yii\web\HeadersAlreadySentException: Headers already sent in /var/www/order/backend/controllers/TestController.php on line 17. in /var/www/order/vendor/yiisoft/yii2/web/Response.php:366"
[15-Mar-2020 18:17:42] WARNING: [pool www] child 12 said into stderr: "Stack trace:"
[15-Mar-2020 18:17:42] WARNING: [pool www] child 12 said into stderr: "#0 /var/www/order/vendor/yiisoft/yii2/web/Response.php(339): yii\web\Response->send..."
[15-Mar-2020 20:00:26] NOTICE: Finishing ...
[15-Mar-2020 20:00:27] NOTICE: exiting, bye-bye!
[18-Mar-2020 20:59:19] NOTICE: fpm is running, pid 1
[18-Mar-2020 20:59:19] NOTICE: ready to handle connections
[18-Mar-2020 20:59:43] NOTICE: Finishing ...
[18-Mar-2020 20:59:43] NOTICE: exiting, bye-bye!
[18-Mar-2020 20:59:47] NOTICE: fpm is running, pid 1
[18-Mar-2020 20:59:47] NOTICE: ready to handle connections
[18-Mar-2020 21:03:01] NOTICE: Finishing ...
[18-Mar-2020 21:03:01] NOTICE: exiting, bye-bye!
[18-Mar-2020 21:25:24] NOTICE: fpm is running, pid 1
[18-Mar-2020 21:25:24] NOTICE: ready to handle connections
[18-Mar-2020 21:37:13] NOTICE: Finishing ...
[18-Mar-2020 21:37:13] NOTICE: exiting, bye-bye!
[18-Mar-2020 21:37:21] NOTICE: fpm is running, pid 1
[18-Mar-2020 21:37:21] NOTICE: ready to handle connections
[18-Mar-2020 22:11:03] NOTICE: Finishing ...
[18-Mar-2020 22:11:04] NOTICE: exiting, bye-bye!
[19-Mar-2020 15:18:33] NOTICE: fpm is running, pid 1
[19-Mar-2020 15:18:33] NOTICE: ready to handle connections
[19-Mar-2020 15:26:12] NOTICE: Finishing ...
[19-Mar-2020 15:26:12] NOTICE: exiting, bye-bye!
[19-Mar-2020 15:26:14] NOTICE: fpm is running, pid 1
[19-Mar-2020 15:26:14] NOTICE: ready to handle connections
[19-Mar-2020 15:26:23] NOTICE: Finishing ...
[19-Mar-2020 15:26:23] NOTICE: exiting, bye-bye!
[19-Mar-2020 15:26:24] NOTICE: fpm is running, pid 1
[19-Mar-2020 15:26:24] NOTICE: ready to handle connections
[19-Mar-2020 15:26:39] NOTICE: Finishing ...
[19-Mar-2020 15:26:39] NOTICE: exiting, bye-bye!
[19-Mar-2020 15:26:41] NOTICE: fpm is running, pid 1
[19-Mar-2020 15:26:41] NOTICE: ready to handle connections
[19-Mar-2020 16:26:44] NOTICE: Finishing ...
[19-Mar-2020 16:26:44] NOTICE: exiting, bye-bye!
[19-Mar-2020 16:31:28] NOTICE: fpm is running, pid 1
[19-Mar-2020 16:31:28] NOTICE: ready to handle connections
[19-Mar-2020 16:31:59] NOTICE: Finishing ...
[19-Mar-2020 16:31:59] NOTICE: exiting, bye-bye!
[19-Mar-2020 16:32:01] NOTICE: fpm is running, pid 1
[19-Mar-2020 16:32:01] NOTICE: ready to handle connections
[19-Mar-2020 16:36:05] NOTICE: Finishing ...
[19-Mar-2020 16:36:05] NOTICE: exiting, bye-bye!
[19-Mar-2020 16:36:11] NOTICE: fpm is running, pid 1
[19-Mar-2020 16:36:11] NOTICE: ready to handle connections
[19-Mar-2020 17:13:34] NOTICE: fpm is running, pid 1
[19-Mar-2020 17:13:34] NOTICE: ready to handle connections
